company_id,issue,category
ABB,ROE Difference,Formula Discrepancy
ABB,ROE Difference,Formula Discrepancy
ABB,ROE Difference,Formula Discrepancy
ABB,ROE Difference,Formula Discrepancy
ABB,ROE Difference,Formula Discrepancy
ABB,ROE Difference,Formula Discrepancy
ABB,ROE Difference,Formula Discrepancy
ABB,ROE Difference,Formula Discrepancy
ABB,ROE Difference,Formula Discrepancy
ABB,ROE Difference,Formula Discrepancy
ABB,ROE Difference,Formula Discrepancy
ABB,ROE Difference,Formula Discrepancy
ABB,ROE Difference,Formula Discrepancy
ABB,ROE Difference,Formula Discrepancy
ABB,ROE Difference,Formula Discrepancy
ABB,ROE Difference,Formula Discrepancy
ABB,ROE Difference,Formula Discrepancy
ABB,ROE Difference,Formula Discrepancy
ABB,ROE Difference,Formula Discrepancy
ABB,ROE Difference,Formula Discrepancy
ABB,ROE Difference,Formula Discrepancy
ADANIENSOL,ROE Difference,Formula Discrepancy
ADANIENSOL,ROE Difference,Formula Discrepancy
ADANIENSOL,ROE Difference,Formula Discrepancy
ADANIENSOL,ROE Difference,Formula Discrepancy
ADANIENSOL,ROE Difference,Formula Discrepancy
ADANIENSOL,ROE Difference,Formula Discrepancy
ADANIENT,ROE Difference,Formula Discrepancy
ADANIENT,ROE Difference,Formula Discrepancy
ADANIENT,ROE Difference,Formula Discrepancy
ADANIENT,ROE Difference,Formula Discrepancy
ADANIENT,ROE Difference,Formula Discrepancy
ADANIENT,ROE Difference,Formula Discrepancy
ADANIENT,ROE Difference,Formula Discrepancy
ADANIENT,ROE Difference,Formula Discrepancy
ADANIENT,ROE Difference,Formula Discrepancy
ADANIENT,ROE Difference,Formula Discrepancy
ADANIGREEN,ROE Difference,Formula Discrepancy
ADANIGREEN,ROE Difference,Formula Discrepancy
ADANIGREEN,ROE Difference,Formula Discrepancy
ADANIGREEN,ROE Difference,Formula Discrepancy
ADANIGREEN,ROE Difference,Formula Discrepancy
ADANIPORTS,ROE Difference,Formula Discrepancy
ADANIPORTS,ROE Difference,Formula Discrepancy
ADANIPORTS,ROE Difference,Formula Discrepancy
ADANIPORTS,ROE Difference,Formula Discrepancy
ADANIPORTS,ROE Difference,Formula Discrepancy
ADANIPORTS,ROE Difference,Formula Discrepancy
ADANIPOWER,ROE Difference,Formula Discrepancy
ADANIPOWER,ROE Difference,Formula Discrepancy
ADANIPOWER,ROE Difference,Formula Discrepancy
ADANIPOWER,ROE Difference,Formula Discrepancy
ADANIPOWER,ROE Difference,Formula Discrepancy
ADANIPOWER,ROE Difference,Formula Discrepancy
ADANIPOWER,ROE Difference,Formula Discrepancy
ADANIPOWER,ROE Difference,Formula Discrepancy
ADANIPOWER,ROE Difference,Formula Discrepancy
ADANIPOWER,ROE Difference,Formula Discrepancy
ADANIPOWER,ROE Difference,Formula Discrepancy
ADANIPOWER,ROE Difference,Formula Discrepancy
AMBUJACEM,ROE Difference,Formula Discrepancy
AMBUJACEM,ROE Difference,Formula Discrepancy
AMBUJACEM,ROE Difference,Formula Discrepancy
APOLLOHOSP,ROE Difference,Formula Discrepancy
APOLLOHOSP,ROE Difference,Formula Discrepancy
APOLLOHOSP,ROE Difference,Formula Discrepancy
APOLLOHOSP,ROE Difference,Formula Discrepancy
APOLLOHOSP,ROE Difference,Formula Discrepancy
APOLLOHOSP,ROE Difference,Formula Discrepancy
ASIANPAINT,ROE Difference,Formula Discrepancy
ASIANPAINT,ROE Difference,Formula Discrepancy
ASIANPAINT,ROE Difference,Formula Discrepancy
ASIANPAINT,ROE Difference,Formula Discrepancy
ASIANPAINT,ROE Difference,Formula Discrepancy
ASIANPAINT,ROE Difference,Formula Discrepancy
ASIANPAINT,ROE Difference,Formula Discrepancy
ASIANPAINT,ROE Difference,Formula Discrepancy
ASIANPAINT,ROE Difference,Formula Discrepancy
ASIANPAINT,ROE Difference,Formula Discrepancy
BAJAJ-AUTO,ROE Difference,Formula Discrepancy
BAJAJ-AUTO,ROE Difference,Formula Discrepancy
BAJAJ-AUTO,ROE Difference,Formula Discrepancy
BAJAJ-AUTO,ROE Difference,Formula Discrepancy
BAJAJ-AUTO,ROE Difference,Formula Discrepancy
BAJAJ-AUTO,ROE Difference,Formula Discrepancy
BAJAJ-AUTO,ROE Difference,Formula Discrepancy
BAJAJ-AUTO,ROE Difference,Formula Discrepancy
BAJAJ-AUTO,ROE Difference,Formula Discrepancy
BAJAJ-AUTO,ROE Difference,Formula Discrepancy
BAJAJ-AUTO,ROE Difference,Formula Discrepancy
BAJAJ-AUTO,ROE Difference,Formula Discrepancy
BAJAJ-AUTO,ROE Difference,Formula Discrepancy
BAJAJ-AUTO,ROE Difference,Formula Discrepancy
AXISBANK,Financial Sector,Bank ROCE Carve-Out
AXISBANK,Financial Sector,Bank ROCE Carve-Out
AXISBANK,Financial Sector,Bank ROCE Carve-Out
AXISBANK,Financial Sector,Bank ROCE Carve-Out
AXISBANK,Financial Sector,Bank ROCE Carve-Out
AXISBANK,Financial Sector,Bank ROCE Carve-Out
AXISBANK,Financial Sector,Bank ROCE Carve-Out
AXISBANK,Financial Sector,Bank ROCE Carve-Out
AXISBANK,Financial Sector,Bank ROCE Carve-Out
AXISBANK,Financial Sector,Bank ROCE Carve-Out
AXISBANK,Financial Sector,Bank ROCE Carve-Out
AXISBANK,Financial Sector,Bank ROCE Carve-Out
BAJAJFINSV,Financial Sector,Bank ROCE Carve-Out
BAJAJFINSV,Financial Sector,Bank ROCE Carve-Out
BAJAJFINSV,Financial Sector,Bank ROCE Carve-Out
BAJAJFINSV,Financial Sector,Bank ROCE Carve-Out
BAJAJFINSV,Financial Sector,Bank ROCE Carve-Out
BAJAJFINSV,Financial Sector,Bank ROCE Carve-Out
BAJAJFINSV,Financial Sector,Bank ROCE Carve-Out
BAJAJFINSV,Financial Sector,Bank ROCE Carve-Out
BAJAJFINSV,Financial Sector,Bank ROCE Carve-Out
BAJAJFINSV,Financial Sector,Bank ROCE Carve-Out
BAJAJFINSV,Financial Sector,Bank ROCE Carve-Out
BAJAJFINSV,Financial Sector,Bank ROCE Carve-Out
BAJAJHLDNG,Financial Sector,Bank ROCE Carve-Out
BAJAJHLDNG,Financial Sector,Bank ROCE Carve-Out
BAJAJHLDNG,Financial Sector,Bank ROCE Carve-Out
BAJAJHLDNG,Financial Sector,Bank ROCE Carve-Out
BAJAJHLDNG,Financial Sector,Bank ROCE Carve-Out
BAJAJHLDNG,Financial Sector,Bank ROCE Carve-Out
BAJAJHLDNG,Financial Sector,Bank ROCE Carve-Out
BAJAJHLDNG,Financial Sector,Bank ROCE Carve-Out
BAJAJHLDNG,Financial Sector,Bank ROCE Carve-Out
BAJAJHLDNG,Financial Sector,Bank ROCE Carve-Out
BAJAJHLDNG,Financial Sector,Bank ROCE Carve-Out
BAJAJHLDNG,Financial Sector,Bank ROCE Carve-Out
BAJFINANCE,Financial Sector,Bank ROCE Carve-Out
BAJFINANCE,Financial Sector,Bank ROCE Carve-Out
BAJFINANCE,Financial Sector,Bank ROCE Carve-Out
BAJFINANCE,Financial Sector,Bank ROCE Carve-Out
BAJFINANCE,Financial Sector,Bank ROCE Carve-Out
BAJFINANCE,Financial Sector,Bank ROCE Carve-Out
BAJFINANCE,Financial Sector,Bank ROCE Carve-Out
BAJFINANCE,Financial Sector,Bank ROCE Carve-Out
BAJFINANCE,Financial Sector,Bank ROCE Carve-Out
BAJFINANCE,Financial Sector,Bank ROCE Carve-Out
BANKBARODA,Financial Sector,Bank ROCE Carve-Out
BANKBARODA,Financial Sector,Bank ROCE Carve-Out
BANKBARODA,Financial Sector,Bank ROCE Carve-Out
BANKBARODA,Financial Sector,Bank ROCE Carve-Out
BANKBARODA,Financial Sector,Bank ROCE Carve-Out
BANKBARODA,Financial Sector,Bank ROCE Carve-Out
BANKBARODA,Financial Sector,Bank ROCE Carve-Out
BANKBARODA,Financial Sector,Bank ROCE Carve-Out
BANKBARODA,Financial Sector,Bank ROCE Carve-Out
BANKBARODA,Financial Sector,Bank ROCE Carve-Out
BANKBARODA,Financial Sector,Bank ROCE Carve-Out
BANKBARODA,Financial Sector,Bank ROCE Carve-Out
BHARTIARTL,ROE Difference,Formula Discrepancy
BHARTIARTL,ROE Difference,Formula Discrepancy
BHARTIARTL,ROE Difference,Formula Discrepancy
BHARTIARTL,ROE Difference,Formula Discrepancy
BHARTIARTL,ROE Difference,Formula Discrepancy
BHARTIARTL,ROE Difference,Formula Discrepancy
BHARTIARTL,ROE Difference,Formula Discrepancy
BEL,ROE Difference,Formula Discrepancy
BEL,ROE Difference,Formula Discrepancy
BEL,ROE Difference,Formula Discrepancy
BEL,ROE Difference,Formula Discrepancy
BEL,ROE Difference,Formula Discrepancy
BEL,ROE Difference,Formula Discrepancy
BEL,ROE Difference,Formula Discrepancy
BEL,ROE Difference,Formula Discrepancy
BEL,ROE Difference,Formula Discrepancy
BEL,ROE Difference,Formula Discrepancy
BEL,ROE Difference,Formula Discrepancy
BEL,ROE Difference,Formula Discrepancy
BHEL,ROE Difference,Formula Discrepancy
BHEL,ROE Difference,Formula Discrepancy
BHEL,ROE Difference,Formula Discrepancy
BHEL,ROE Difference,Formula Discrepancy
BOSCHLTD,ROE Difference,Formula Discrepancy
BOSCHLTD,ROE Difference,Formula Discrepancy
BPCL,ROE Difference,Formula Discrepancy
BPCL,ROE Difference,Formula Discrepancy
BPCL,ROE Difference,Formula Discrepancy
BPCL,ROE Difference,Formula Discrepancy
BPCL,ROE Difference,Formula Discrepancy
BPCL,ROE Difference,Formula Discrepancy
BPCL,ROE Difference,Formula Discrepancy
BPCL,ROE Difference,Formula Discrepancy
BPCL,ROE Difference,Formula Discrepancy
BPCL,ROE Difference,Formula Discrepancy
BPCL,ROE Difference,Formula Discrepancy
BPCL,ROE Difference,Formula Discrepancy
BRITANNIA,ROE Difference,Formula Discrepancy
BRITANNIA,ROE Difference,Formula Discrepancy
BRITANNIA,ROE Difference,Formula Discrepancy
BRITANNIA,ROE Difference,Formula Discrepancy
BRITANNIA,ROE Difference,Formula Discrepancy
BRITANNIA,ROE Difference,Formula Discrepancy
BRITANNIA,ROE Difference,Formula Discrepancy
BRITANNIA,ROE Difference,Formula Discrepancy
CANBK,Financial Sector,Bank ROCE Carve-Out
CANBK,Financial Sector,Bank ROCE Carve-Out
CANBK,Financial Sector,Bank ROCE Carve-Out
CANBK,Financial Sector,Bank ROCE Carve-Out
CANBK,Financial Sector,Bank ROCE Carve-Out
CANBK,Financial Sector,Bank ROCE Carve-Out
CANBK,Financial Sector,Bank ROCE Carve-Out
CANBK,Financial Sector,Bank ROCE Carve-Out
CANBK,Financial Sector,Bank ROCE Carve-Out
CANBK,Financial Sector,Bank ROCE Carve-Out
CANBK,Financial Sector,Bank ROCE Carve-Out
CANBK,Financial Sector,Bank ROCE Carve-Out
CHOLAFIN,Financial Sector,Bank ROCE Carve-Out
CHOLAFIN,Financial Sector,Bank ROCE Carve-Out
CHOLAFIN,Financial Sector,Bank ROCE Carve-Out
CHOLAFIN,Financial Sector,Bank ROCE Carve-Out
CHOLAFIN,Financial Sector,Bank ROCE Carve-Out
CHOLAFIN,Financial Sector,Bank ROCE Carve-Out
CHOLAFIN,Financial Sector,Bank ROCE Carve-Out
CHOLAFIN,Financial Sector,Bank ROCE Carve-Out
CHOLAFIN,Financial Sector,Bank ROCE Carve-Out
CHOLAFIN,Financial Sector,Bank ROCE Carve-Out
CHOLAFIN,Financial Sector,Bank ROCE Carve-Out
CHOLAFIN,Financial Sector,Bank ROCE Carve-Out
CIPLA,ROE Difference,Formula Discrepancy
CIPLA,ROE Difference,Formula Discrepancy
CIPLA,ROE Difference,Formula Discrepancy
CIPLA,ROE Difference,Formula Discrepancy
CIPLA,ROE Difference,Formula Discrepancy
COALINDIA,ROE Difference,Formula Discrepancy
COALINDIA,ROE Difference,Formula Discrepancy
COALINDIA,ROE Difference,Formula Discrepancy
COALINDIA,ROE Difference,Formula Discrepancy
COALINDIA,ROE Difference,Formula Discrepancy
COALINDIA,ROE Difference,Formula Discrepancy
COALINDIA,ROE Difference,Formula Discrepancy
COALINDIA,ROE Difference,Formula Discrepancy
COALINDIA,ROE Difference,Formula Discrepancy
COALINDIA,ROE Difference,Formula Discrepancy
DABUR,ROE Difference,Formula Discrepancy
DABUR,ROE Difference,Formula Discrepancy
DABUR,ROE Difference,Formula Discrepancy
DABUR,ROE Difference,Formula Discrepancy
DABUR,ROE Difference,Formula Discrepancy
DABUR,ROE Difference,Formula Discrepancy
DIVISLAB,ROE Difference,Formula Discrepancy
DIVISLAB,ROE Difference,Formula Discrepancy
DIVISLAB,ROE Difference,Formula Discrepancy
DIVISLAB,ROE Difference,Formula Discrepancy
DIVISLAB,ROE Difference,Formula Discrepancy
DIVISLAB,ROE Difference,Formula Discrepancy
DIVISLAB,ROE Difference,Formula Discrepancy
DIVISLAB,ROE Difference,Formula Discrepancy
DIVISLAB,ROE Difference,Formula Discrepancy
DLF,ROE Difference,Formula Discrepancy
DLF,ROE Difference,Formula Discrepancy
DLF,ROE Difference,Formula Discrepancy
DLF,ROE Difference,Formula Discrepancy
DMART,ROE Difference,Formula Discrepancy
DMART,ROE Difference,Formula Discrepancy
DRREDDY,ROE Difference,Formula Discrepancy
DRREDDY,ROE Difference,Formula Discrepancy
DRREDDY,ROE Difference,Formula Discrepancy
DRREDDY,ROE Difference,Formula Discrepancy
DRREDDY,ROE Difference,Formula Discrepancy
DRREDDY,ROE Difference,Formula Discrepancy
EICHERMOT,ROE Difference,Formula Discrepancy
EICHERMOT,ROE Difference,Formula Discrepancy
EICHERMOT,ROE Difference,Formula Discrepancy
EICHERMOT,ROE Difference,Formula Discrepancy
EICHERMOT,ROE Difference,Formula Discrepancy
GAIL,ROE Difference,Formula Discrepancy
GAIL,ROE Difference,Formula Discrepancy
GAIL,ROE Difference,Formula Discrepancy
GAIL,ROE Difference,Formula Discrepancy
GAIL,ROE Difference,Formula Discrepancy
GODREJCP,ROE Difference,Formula Discrepancy
GODREJCP,ROE Difference,Formula Discrepancy
GODREJCP,ROE Difference,Formula Discrepancy
GODREJCP,ROE Difference,Formula Discrepancy
GODREJCP,ROE Difference,Formula Discrepancy
GODREJCP,ROE Difference,Formula Discrepancy
GODREJCP,ROE Difference,Formula Discrepancy
GODREJCP,ROE Difference,Formula Discrepancy
GODREJCP,ROE Difference,Formula Discrepancy
GODREJCP,ROE Difference,Formula Discrepancy
GODREJCP,ROE Difference,Formula Discrepancy
GODREJCP,ROE Difference,Formula Discrepancy
GRASIM,ROE Difference,Formula Discrepancy
GRASIM,ROE Difference,Formula Discrepancy
GRASIM,ROE Difference,Formula Discrepancy
GRASIM,ROE Difference,Formula Discrepancy
GRASIM,ROE Difference,Formula Discrepancy
GRASIM,ROE Difference,Formula Discrepancy
HAL,ROE Difference,Formula Discrepancy
HAL,ROE Difference,Formula Discrepancy
HAL,ROE Difference,Formula Discrepancy
HAL,ROE Difference,Formula Discrepancy
HAL,ROE Difference,Formula Discrepancy
HAL,ROE Difference,Formula Discrepancy
HAL,ROE Difference,Formula Discrepancy
HAL,ROE Difference,Formula Discrepancy
HAVELLS,ROE Difference,Formula Discrepancy
HAVELLS,ROE Difference,Formula Discrepancy
HAVELLS,ROE Difference,Formula Discrepancy
HCLTECH,ROE Difference,Formula Discrepancy
HCLTECH,ROE Difference,Formula Discrepancy
HCLTECH,ROE Difference,Formula Discrepancy
HDFCBANK,Financial Sector,Bank ROCE Carve-Out
HDFCBANK,Financial Sector,Bank ROCE Carve-Out
HDFCBANK,Financial Sector,Bank ROCE Carve-Out
HDFCBANK,Financial Sector,Bank ROCE Carve-Out
HDFCBANK,Financial Sector,Bank ROCE Carve-Out
HDFCBANK,Financial Sector,Bank ROCE Carve-Out
HDFCBANK,Financial Sector,Bank ROCE Carve-Out
HDFCBANK,Financial Sector,Bank ROCE Carve-Out
HDFCBANK,Financial Sector,Bank ROCE Carve-Out
HDFCBANK,Financial Sector,Bank ROCE Carve-Out
HDFCBANK,Financial Sector,Bank ROCE Carve-Out
HDFCBANK,Financial Sector,Bank ROCE Carve-Out
HDFCLIFE,Financial Sector,Bank ROCE Carve-Out
HDFCLIFE,Financial Sector,Bank ROCE Carve-Out
HDFCLIFE,Financial Sector,Bank ROCE Carve-Out
HDFCLIFE,Financial Sector,Bank ROCE Carve-Out
HDFCLIFE,Financial Sector,Bank ROCE Carve-Out
HDFCLIFE,Financial Sector,Bank ROCE Carve-Out
HDFCLIFE,Financial Sector,Bank ROCE Carve-Out
HDFCLIFE,Financial Sector,Bank ROCE Carve-Out
HDFCLIFE,Financial Sector,Bank ROCE Carve-Out
HDFCLIFE,Financial Sector,Bank ROCE Carve-Out
HDFCLIFE,Financial Sector,Bank ROCE Carve-Out
HDFCLIFE,Financial Sector,Bank ROCE Carve-Out
HEROMOTOCO,ROE Difference,Formula Discrepancy
HEROMOTOCO,ROE Difference,Formula Discrepancy
HEROMOTOCO,ROE Difference,Formula Discrepancy
HEROMOTOCO,ROE Difference,Formula Discrepancy
HEROMOTOCO,ROE Difference,Formula Discrepancy
HEROMOTOCO,ROE Difference,Formula Discrepancy
HEROMOTOCO,ROE Difference,Formula Discrepancy
HINDALCO,ROE Difference,Formula Discrepancy
HINDALCO,ROE Difference,Formula Discrepancy
HINDALCO,ROE Difference,Formula Discrepancy
HINDALCO,ROE Difference,Formula Discrepancy
HINDUNILVR,ROE Difference,Formula Discrepancy
HINDUNILVR,ROE Difference,Formula Discrepancy
HINDUNILVR,ROE Difference,Formula Discrepancy
HINDUNILVR,ROE Difference,Formula Discrepancy
HINDUNILVR,ROE Difference,Formula Discrepancy
HINDUNILVR,ROE Difference,Formula Discrepancy
HINDUNILVR,ROE Difference,Formula Discrepancy
HINDUNILVR,ROE Difference,Formula Discrepancy
ICICIBANK,Financial Sector,Bank ROCE Carve-Out
ICICIBANK,Financial Sector,Bank ROCE Carve-Out
ICICIBANK,Financial Sector,Bank ROCE Carve-Out
ICICIBANK,Financial Sector,Bank ROCE Carve-Out
ICICIBANK,Financial Sector,Bank ROCE Carve-Out
ICICIBANK,Financial Sector,Bank ROCE Carve-Out
ICICIBANK,Financial Sector,Bank ROCE Carve-Out
ICICIBANK,Financial Sector,Bank ROCE Carve-Out
ICICIBANK,Financial Sector,Bank ROCE Carve-Out
ICICIBANK,Financial Sector,Bank ROCE Carve-Out
ICICIBANK,Financial Sector,Bank ROCE Carve-Out
ICICIBANK,Financial Sector,Bank ROCE Carve-Out
ICICIGI,Financial Sector,Bank ROCE Carve-Out
ICICIGI,Financial Sector,Bank ROCE Carve-Out
ICICIGI,Financial Sector,Bank ROCE Carve-Out
ICICIGI,Financial Sector,Bank ROCE Carve-Out
ICICIGI,Financial Sector,Bank ROCE Carve-Out
ICICIGI,Financial Sector,Bank ROCE Carve-Out
ICICIGI,Financial Sector,Bank ROCE Carve-Out
ICICIGI,Financial Sector,Bank ROCE Carve-Out
ICICIGI,Financial Sector,Bank ROCE Carve-Out
ICICIGI,Financial Sector,Bank ROCE Carve-Out
ICICIGI,Financial Sector,Bank ROCE Carve-Out
ICICIGI,Financial Sector,Bank ROCE Carve-Out
ICICIPRULI,Financial Sector,Bank ROCE Carve-Out
ICICIPRULI,Financial Sector,Bank ROCE Carve-Out
ICICIPRULI,Financial Sector,Bank ROCE Carve-Out
ICICIPRULI,Financial Sector,Bank ROCE Carve-Out
ICICIPRULI,Financial Sector,Bank ROCE Carve-Out
ICICIPRULI,Financial Sector,Bank ROCE Carve-Out
ICICIPRULI,Financial Sector,Bank ROCE Carve-Out
ICICIPRULI,Financial Sector,Bank ROCE Carve-Out
ICICIPRULI,Financial Sector,Bank ROCE Carve-Out
ICICIPRULI,Financial Sector,Bank ROCE Carve-Out
ICICIPRULI,Financial Sector,Bank ROCE Carve-Out
ICICIPRULI,Financial Sector,Bank ROCE Carve-Out
INDUSINDBK,Financial Sector,Bank ROCE Carve-Out
INDUSINDBK,Financial Sector,Bank ROCE Carve-Out
INDUSINDBK,Financial Sector,Bank ROCE Carve-Out
INDUSINDBK,Financial Sector,Bank ROCE Carve-Out
INDUSINDBK,Financial Sector,Bank ROCE Carve-Out
INDUSINDBK,Financial Sector,Bank ROCE Carve-Out
INDUSINDBK,Financial Sector,Bank ROCE Carve-Out
INDUSINDBK,Financial Sector,Bank ROCE Carve-Out
INDUSINDBK,Financial Sector,Bank ROCE Carve-Out
INDUSINDBK,Financial Sector,Bank ROCE Carve-Out
INDUSINDBK,Financial Sector,Bank ROCE Carve-Out
INDUSINDBK,Financial Sector,Bank ROCE Carve-Out
INFY,ROE Difference,Formula Discrepancy
INFY,ROE Difference,Formula Discrepancy
INFY,ROE Difference,Formula Discrepancy
INFY,ROE Difference,Formula Discrepancy
INFY,ROE Difference,Formula Discrepancy
INFY,ROE Difference,Formula Discrepancy
INFY,ROE Difference,Formula Discrepancy
INFY,ROE Difference,Formula Discrepancy
INFY,ROE Difference,Formula Discrepancy
IOC,ROE Difference,Formula Discrepancy
IOC,ROE Difference,Formula Discrepancy
IOC,ROE Difference,Formula Discrepancy
IOC,ROE Difference,Formula Discrepancy
IOC,ROE Difference,Formula Discrepancy
IOC,ROE Difference,Formula Discrepancy
IOC,ROE Difference,Formula Discrepancy
IOC,ROE Difference,Formula Discrepancy
IOC,ROE Difference,Formula Discrepancy
IOC,ROE Difference,Formula Discrepancy
IOC,ROE Difference,Formula Discrepancy
IRCTC,ROE Difference,Formula Discrepancy
IRCTC,ROE Difference,Formula Discrepancy
IRCTC,ROE Difference,Formula Discrepancy
IRCTC,ROE Difference,Formula Discrepancy
IRCTC,ROE Difference,Formula Discrepancy
IRCTC,ROE Difference,Formula Discrepancy
IRCTC,ROE Difference,Formula Discrepancy
IRCTC,ROE Difference,Formula Discrepancy
IRFC,Financial Sector,Bank ROCE Carve-Out
IRFC,Financial Sector,Bank ROCE Carve-Out
IRFC,Financial Sector,Bank ROCE Carve-Out
IRFC,Financial Sector,Bank ROCE Carve-Out
IRFC,Financial Sector,Bank ROCE Carve-Out
IRFC,Financial Sector,Bank ROCE Carve-Out
IRFC,Financial Sector,Bank ROCE Carve-Out
IRFC,Financial Sector,Bank ROCE Carve-Out
IRFC,Financial Sector,Bank ROCE Carve-Out
ITC,ROE Difference,Formula Discrepancy
ITC,ROE Difference,Formula Discrepancy
ITC,ROE Difference,Formula Discrepancy
ITC,ROE Difference,Formula Discrepancy
ITC,ROE Difference,Formula Discrepancy
ITC,ROE Difference,Formula Discrepancy
JINDALSTEL,ROE Difference,Formula Discrepancy
JINDALSTEL,ROE Difference,Formula Discrepancy
JINDALSTEL,ROE Difference,Formula Discrepancy
JINDALSTEL,ROE Difference,Formula Discrepancy
JINDALSTEL,ROE Difference,Formula Discrepancy
JINDALSTEL,ROE Difference,Formula Discrepancy
JINDALSTEL,ROE Difference,Formula Discrepancy
JIOFIN,Financial Sector,Bank ROCE Carve-Out
JIOFIN,Financial Sector,Bank ROCE Carve-Out
JSWENERGY,ROE Difference,Formula Discrepancy
JSWENERGY,ROE Difference,Formula Discrepancy
JSWENERGY,ROE Difference,Formula Discrepancy
JSWENERGY,ROE Difference,Formula Discrepancy
JSWSTEEL,ROE Difference,Formula Discrepancy
JSWSTEEL,ROE Difference,Formula Discrepancy
JSWSTEEL,ROE Difference,Formula Discrepancy
JSWSTEEL,ROE Difference,Formula Discrepancy
JSWSTEEL,ROE Difference,Formula Discrepancy
JSWSTEEL,ROE Difference,Formula Discrepancy
JSWSTEEL,ROE Difference,Formula Discrepancy
JSWSTEEL,ROE Difference,Formula Discrepancy
KOTAKBANK,Financial Sector,Bank ROCE Carve-Out
KOTAKBANK,Financial Sector,Bank ROCE Carve-Out
KOTAKBANK,Financial Sector,Bank ROCE Carve-Out
KOTAKBANK,Financial Sector,Bank ROCE Carve-Out
KOTAKBANK,Financial Sector,Bank ROCE Carve-Out
KOTAKBANK,Financial Sector,Bank ROCE Carve-Out
KOTAKBANK,Financial Sector,Bank ROCE Carve-Out
KOTAKBANK,Financial Sector,Bank ROCE Carve-Out
KOTAKBANK,Financial Sector,Bank ROCE Carve-Out
KOTAKBANK,Financial Sector,Bank ROCE Carve-Out
KOTAKBANK,Financial Sector,Bank ROCE Carve-Out
KOTAKBANK,Financial Sector,Bank ROCE Carve-Out
LICI,Financial Sector,Bank ROCE Carve-Out
LICI,Financial Sector,Bank ROCE Carve-Out
LICI,Financial Sector,Bank ROCE Carve-Out
LICI,Financial Sector,Bank ROCE Carve-Out
LICI,Financial Sector,Bank ROCE Carve-Out
LICI,Financial Sector,Bank ROCE Carve-Out
LODHA,ROE Difference,Formula Discrepancy
LODHA,ROE Difference,Formula Discrepancy
LODHA,ROE Difference,Formula Discrepancy
LODHA,ROE Difference,Formula Discrepancy
LODHA,ROE Difference,Formula Discrepancy
LT,ROE Difference,Formula Discrepancy
LT,ROE Difference,Formula Discrepancy
LT,ROE Difference,Formula Discrepancy
LT,ROE Difference,Formula Discrepancy
LT,ROE Difference,Formula Discrepancy
LT,ROE Difference,Formula Discrepancy
LT,ROE Difference,Formula Discrepancy
LT,ROE Difference,Formula Discrepancy
LT,ROE Difference,Formula Discrepancy
LT,ROE Difference,Formula Discrepancy
LT,ROE Difference,Formula Discrepancy
LT,ROE Difference,Formula Discrepancy
LTIM,ROE Difference,Formula Discrepancy
LTIM,ROE Difference,Formula Discrepancy
LTIM,ROE Difference,Formula Discrepancy
LTIM,ROE Difference,Formula Discrepancy
M&M,ROE Difference,Formula Discrepancy
M&M,ROE Difference,Formula Discrepancy
MARUTI,ROE Difference,Formula Discrepancy
MARUTI,ROE Difference,Formula Discrepancy
MOTHERSON,ROE Difference,Formula Discrepancy
MOTHERSON,ROE Difference,Formula Discrepancy
MOTHERSON,ROE Difference,Formula Discrepancy
MOTHERSON,ROE Difference,Formula Discrepancy
MOTHERSON,ROE Difference,Formula Discrepancy
MOTHERSON,ROE Difference,Formula Discrepancy
MOTHERSON,ROE Difference,Formula Discrepancy
MOTHERSON,ROE Difference,Formula Discrepancy
NAUKRI,ROE Difference,Formula Discrepancy
NAUKRI,ROE Difference,Formula Discrepancy
NAUKRI,ROE Difference,Formula Discrepancy
NAUKRI,ROE Difference,Formula Discrepancy
NAUKRI,ROE Difference,Formula Discrepancy
NAUKRI,ROE Difference,Formula Discrepancy
NAUKRI,ROE Difference,Formula Discrepancy
NAUKRI,ROE Difference,Formula Discrepancy
NAUKRI,ROE Difference,Formula Discrepancy
NESTLEIND,ROE Difference,Formula Discrepancy
NESTLEIND,ROE Difference,Formula Discrepancy
NESTLEIND,ROE Difference,Formula Discrepancy
NESTLEIND,ROE Difference,Formula Discrepancy
NESTLEIND,ROE Difference,Formula Discrepancy
NESTLEIND,ROE Difference,Formula Discrepancy
NESTLEIND,ROE Difference,Formula Discrepancy
NESTLEIND,ROE Difference,Formula Discrepancy
NESTLEIND,ROE Difference,Formula Discrepancy
NESTLEIND,ROE Difference,Formula Discrepancy
NESTLEIND,ROE Difference,Formula Discrepancy
NESTLEIND,ROE Difference,Formula Discrepancy
ONGC,ROE Difference,Formula Discrepancy
ONGC,ROE Difference,Formula Discrepancy
PFC,Financial Sector,Bank ROCE Carve-Out
PFC,Financial Sector,Bank ROCE Carve-Out
PFC,Financial Sector,Bank ROCE Carve-Out
PFC,Financial Sector,Bank ROCE Carve-Out
PFC,Financial Sector,Bank ROCE Carve-Out
PFC,Financial Sector,Bank ROCE Carve-Out
PFC,Financial Sector,Bank ROCE Carve-Out
PFC,Financial Sector,Bank ROCE Carve-Out
PFC,Financial Sector,Bank ROCE Carve-Out
PFC,Financial Sector,Bank ROCE Carve-Out
PFC,Financial Sector,Bank ROCE Carve-Out
PFC,Financial Sector,Bank ROCE Carve-Out
PIDILITIND,ROE Difference,Formula Discrepancy
PNB,Financial Sector,Bank ROCE Carve-Out
PNB,Financial Sector,Bank ROCE Carve-Out
PNB,Financial Sector,Bank ROCE Carve-Out
PNB,Financial Sector,Bank ROCE Carve-Out
PNB,Financial Sector,Bank ROCE Carve-Out
PNB,Financial Sector,Bank ROCE Carve-Out
PNB,Financial Sector,Bank ROCE Carve-Out
PNB,Financial Sector,Bank ROCE Carve-Out
PNB,Financial Sector,Bank ROCE Carve-Out
PNB,Financial Sector,Bank ROCE Carve-Out
PNB,Financial Sector,Bank ROCE Carve-Out
PNB,Financial Sector,Bank ROCE Carve-Out
PNB,Financial Sector,Bank ROCE Carve-Out
PNB,Financial Sector,Bank ROCE Carve-Out
PNB,Financial Sector,Bank ROCE Carve-Out
PNB,Financial Sector,Bank ROCE Carve-Out
PNB,Financial Sector,Bank ROCE Carve-Out
PNB,Financial Sector,Bank ROCE Carve-Out
PNB,Financial Sector,Bank ROCE Carve-Out
PNB,Financial Sector,Bank ROCE Carve-Out
PNB,Financial Sector,Bank ROCE Carve-Out
PNB,Financial Sector,Bank ROCE Carve-Out
PNB,Financial Sector,Bank ROCE Carve-Out
PNB,Financial Sector,Bank ROCE Carve-Out
PNB,Financial Sector,Bank ROCE Carve-Out
PNB,Financial Sector,Bank ROCE Carve-Out
PNB,Financial Sector,Bank ROCE Carve-Out
PNB,Financial Sector,Bank ROCE Carve-Out
PNB,Financial Sector,Bank ROCE Carve-Out
PNB,Financial Sector,Bank ROCE Carve-Out
PNB,Financial Sector,Bank ROCE Carve-Out
PNB,Financial Sector,Bank ROCE Carve-Out
PNB,Financial Sector,Bank ROCE Carve-Out
PNB,Financial Sector,Bank ROCE Carve-Out
PNB,Financial Sector,Bank ROCE Carve-Out
PNB,Financial Sector,Bank ROCE Carve-Out
PNB,Financial Sector,Bank ROCE Carve-Out
PNB,Financial Sector,Bank ROCE Carve-Out
PNB,Financial Sector,Bank ROCE Carve-Out
PNB,Financial Sector,Bank ROCE Carve-Out
PNB,Financial Sector,Bank ROCE Carve-Out
PNB,Financial Sector,Bank ROCE Carve-Out
PNB,Financial Sector,Bank ROCE Carve-Out
PNB,Financial Sector,Bank ROCE Carve-Out
PNB,Financial Sector,Bank ROCE Carve-Out
PNB,Financial Sector,Bank ROCE Carve-Out
PNB,Financial Sector,Bank ROCE Carve-Out
PNB,Financial Sector,Bank ROCE Carve-Out
PNB,Financial Sector,Bank ROCE Carve-Out
PNB,Financial Sector,Bank ROCE Carve-Out
PNB,Financial Sector,Bank ROCE Carve-Out
PNB,Financial Sector,Bank ROCE Carve-Out
PNB,Financial Sector,Bank ROCE Carve-Out
PNB,Financial Sector,Bank ROCE Carve-Out
PNB,Financial Sector,Bank ROCE Carve-Out
PNB,Financial Sector,Bank ROCE Carve-Out
PNB,Financial Sector,Bank ROCE Carve-Out
PNB,Financial Sector,Bank ROCE Carve-Out
PNB,Financial Sector,Bank ROCE Carve-Out
PNB,Financial Sector,Bank ROCE Carve-Out
POWERGRID,ROE Difference,Formula Discrepancy
POWERGRID,ROE Difference,Formula Discrepancy
POWERGRID,ROE Difference,Formula Discrepancy
POWERGRID,ROE Difference,Formula Discrepancy
POWERGRID,ROE Difference,Formula Discrepancy
POWERGRID,ROE Difference,Formula Discrepancy
RECLTD,Financial Sector,Bank ROCE Carve-Out
RECLTD,Financial Sector,Bank ROCE Carve-Out
RECLTD,Financial Sector,Bank ROCE Carve-Out
RECLTD,Financial Sector,Bank ROCE Carve-Out
RECLTD,Financial Sector,Bank ROCE Carve-Out
RECLTD,Financial Sector,Bank ROCE Carve-Out
RECLTD,Financial Sector,Bank ROCE Carve-Out
RECLTD,Financial Sector,Bank ROCE Carve-Out
RECLTD,Financial Sector,Bank ROCE Carve-Out
RECLTD,Financial Sector,Bank ROCE Carve-Out
RECLTD,Financial Sector,Bank ROCE Carve-Out
RECLTD,Financial Sector,Bank ROCE Carve-Out
SBILIFE,Financial Sector,Bank ROCE Carve-Out
SBILIFE,Financial Sector,Bank ROCE Carve-Out
SBILIFE,Financial Sector,Bank ROCE Carve-Out
SBILIFE,Financial Sector,Bank ROCE Carve-Out
SBILIFE,Financial Sector,Bank ROCE Carve-Out
SBILIFE,Financial Sector,Bank ROCE Carve-Out
SBILIFE,Financial Sector,Bank ROCE Carve-Out
SBILIFE,Financial Sector,Bank ROCE Carve-Out
SBILIFE,Financial Sector,Bank ROCE Carve-Out
SBILIFE,Financial Sector,Bank ROCE Carve-Out
SBILIFE,Financial Sector,Bank ROCE Carve-Out
SBILIFE,Financial Sector,Bank ROCE Carve-Out
SHREECEM,ROE Difference,Formula Discrepancy
SHREECEM,ROE Difference,Formula Discrepancy
SHRIRAMFIN,Financial Sector,Bank ROCE Carve-Out
SHRIRAMFIN,Financial Sector,Bank ROCE Carve-Out
SHRIRAMFIN,Financial Sector,Bank ROCE Carve-Out
SHRIRAMFIN,Financial Sector,Bank ROCE Carve-Out
SHRIRAMFIN,Financial Sector,Bank ROCE Carve-Out
SHRIRAMFIN,Financial Sector,Bank ROCE Carve-Out
SHRIRAMFIN,Financial Sector,Bank ROCE Carve-Out
SHRIRAMFIN,Financial Sector,Bank ROCE Carve-Out
SHRIRAMFIN,Financial Sector,Bank ROCE Carve-Out
SHRIRAMFIN,Financial Sector,Bank ROCE Carve-Out
SHRIRAMFIN,Financial Sector,Bank ROCE Carve-Out
SHRIRAMFIN,Financial Sector,Bank ROCE Carve-Out
SIEMENS,ROE Difference,Formula Discrepancy
SIEMENS,ROE Difference,Formula Discrepancy
SIEMENS,ROE Difference,Formula Discrepancy
SIEMENS,ROE Difference,Formula Discrepancy
SIEMENS,ROE Difference,Formula Discrepancy
SIEMENS,ROE Difference,Formula Discrepancy
SIEMENS,ROE Difference,Formula Discrepancy
SUNPHARMA,ROE Difference,Formula Discrepancy
SUNPHARMA,ROE Difference,Formula Discrepancy
SUNPHARMA,ROE Difference,Formula Discrepancy
SUNPHARMA,ROE Difference,Formula Discrepancy
SUNPHARMA,ROE Difference,Formula Discrepancy
SUNPHARMA,ROE Difference,Formula Discrepancy
TATACONSUM,ROE Difference,Formula Discrepancy
TATAMOTORS,ROE Difference,Formula Discrepancy
TATAMOTORS,ROE Difference,Formula Discrepancy
TATAMOTORS,ROE Difference,Formula Discrepancy
TATAMOTORS,ROE Difference,Formula Discrepancy
TATAMOTORS,ROE Difference,Formula Discrepancy
TATAMOTORS,ROE Difference,Formula Discrepancy
TATAMOTORS,ROE Difference,Formula Discrepancy
TATAMOTORS,ROE Difference,Formula Discrepancy
TATAMOTORS,ROE Difference,Formula Discrepancy
TATAMOTORS,ROE Difference,Formula Discrepancy
TATAMOTORS,ROE Difference,Formula Discrepancy
TATAMOTORS,ROE Difference,Formula Discrepancy
TATAPOWER,ROE Difference,Formula Discrepancy
TATAPOWER,ROE Difference,Formula Discrepancy
TATAPOWER,ROE Difference,Formula Discrepancy
TATASTEEL,ROE Difference,Formula Discrepancy
TATASTEEL,ROE Difference,Formula Discrepancy
TATASTEEL,ROE Difference,Formula Discrepancy
TATASTEEL,ROE Difference,Formula Discrepancy
TATASTEEL,ROE Difference,Formula Discrepancy
TATASTEEL,ROE Difference,Formula Discrepancy
TATASTEEL,ROE Difference,Formula Discrepancy
TATASTEEL,ROE Difference,Formula Discrepancy
TCS,ROE Difference,Formula Discrepancy
TCS,ROE Difference,Formula Discrepancy
TCS,ROE Difference,Formula Discrepancy
TCS,ROE Difference,Formula Discrepancy
TCS,ROE Difference,Formula Discrepancy
TCS,ROE Difference,Formula Discrepancy
TCS,ROE Difference,Formula Discrepancy
TCS,ROE Difference,Formula Discrepancy
TCS,ROE Difference,Formula Discrepancy
TCS,ROE Difference,Formula Discrepancy
TCS,ROE Difference,Formula Discrepancy
TCS,ROE Difference,Formula Discrepancy
TECHM,ROE Difference,Formula Discrepancy
TECHM,ROE Difference,Formula Discrepancy
TECHM,ROE Difference,Formula Discrepancy
TECHM,ROE Difference,Formula Discrepancy
TECHM,ROE Difference,Formula Discrepancy
TECHM,ROE Difference,Formula Discrepancy
TECHM,ROE Difference,Formula Discrepancy
TECHM,ROE Difference,Formula Discrepancy
TECHM,ROE Difference,Formula Discrepancy
TECHM,ROE Difference,Formula Discrepancy
TECHM,ROE Difference,Formula Discrepancy
TECHM,ROE Difference,Formula Discrepancy
TECHM,ROE Difference,Formula Discrepancy
TECHM,ROE Difference,Formula Discrepancy
TECHM,ROE Difference,Formula Discrepancy
TECHM,ROE Difference,Formula Discrepancy
TECHM,ROE Difference,Formula Discrepancy
TECHM,ROE Difference,Formula Discrepancy
TECHM,ROE Difference,Formula Discrepancy
TECHM,ROE Difference,Formula Discrepancy
TECHM,ROE Difference,Formula Discrepancy
TECHM,ROE Difference,Formula Discrepancy
TITAN,ROE Difference,Formula Discrepancy
TITAN,ROE Difference,Formula Discrepancy
TITAN,ROE Difference,Formula Discrepancy
TITAN,ROE Difference,Formula Discrepancy
TITAN,ROE Difference,Formula Discrepancy
TITAN,ROE Difference,Formula Discrepancy
TITAN,ROE Difference,Formula Discrepancy
TITAN,ROE Difference,Formula Discrepancy
TITAN,ROE Difference,Formula Discrepancy
TORNTPHARM,ROE Difference,Formula Discrepancy
TORNTPHARM,ROE Difference,Formula Discrepancy
TORNTPHARM,ROE Difference,Formula Discrepancy
TORNTPHARM,ROE Difference,Formula Discrepancy
TORNTPHARM,ROE Difference,Formula Discrepancy
TORNTPHARM,ROE Difference,Formula Discrepancy
TORNTPHARM,ROE Difference,Formula Discrepancy
TRENT,ROE Difference,Formula Discrepancy
TRENT,ROE Difference,Formula Discrepancy
TRENT,ROE Difference,Formula Discrepancy
TRENT,ROE Difference,Formula Discrepancy
TRENT,ROE Difference,Formula Discrepancy
TRENT,ROE Difference,Formula Discrepancy
TRENT,ROE Difference,Formula Discrepancy
TRENT,ROE Difference,Formula Discrepancy
TRENT,ROE Difference,Formula Discrepancy
TRENT,ROE Difference,Formula Discrepancy
TRENT,ROE Difference,Formula Discrepancy
TRENT,ROE Difference,Formula Discrepancy
